<?xml version="1.0" encoding="UTF-8"?>
<!-- Generated by org.testng.reporters.JUnitReportReporter -->
<testsuite hostname="DESKTOP-1KUBH32" failures="0" tests="1" name="day2.LoginDemoWebShop" time="17.319" errors="0" timestamp="2020-10-27T10:25:29 IST" skipped="0">
  <testcase classname="day2.LoginDemoWebShop" name="f" time="17.319"/>
  <system-out/>
</testsuite> <!-- day2.LoginDemoWebShop -->
